<?xml version="1.0" encoding="UTF-8"?>
<!-- Generated by org.testng.reporters.JUnitReportReporter -->
<testsuite hostname="DESKTOP-8J46C5N" failures="0" tests="1" name="TestRunner.Runner" time="42.557" errors="0" timestamp="2023-07-14T18:46:36 IST" skipped="0">
  <testcase classname="TestRunner.Runner" name="runScenario" time="42.557"/>
  <system-out/>
</testsuite> <!-- TestRunner.Runner -->
